tot_clients 626
tot_products 541
client 3 11 0 0 0
client 14 10 0 0 0
client 7 11 0 0 0
client 12 11 0 0 0
client 40 10 0 0 0
client 45 10 0 0 0
client 28 11 0 0 0
client 49 10 0 0 0
client 57 10 0 0 0
client 54 10 0 0 0
client 46 11 0 0 0
client 48 11 0 0 0
client 35 11 0 0 0
client 36 11 0 0 0
client 89 10 0 0 0
client 56 11 0 0 0
client 52 11 0 0 0
client 58 11 0 0 0
client 61 11 0 0 0
client 85 10 0 0 0
client 76 11 0 0 0
client 65 11 0 0 0
client 74 11 0 0 0
client 75 11 0 0 0
client 87 11 0 0 0
client 95 11 0 0 0
client 94 11 0 0 0
client 84 11 0 0 0
client 82 11 0 0 0
client 92 11 0 0 0
client 98 11 0 0 0
client 103 10 0 0 0
client 100 11 0 0 0
client 102 11 0 0 0
client 106 11 0 0 0
client 111 10 0 0 0
client 121 10 0 0 0
client 122 10 0 0 0
client 127 10 0 0 0
client 116 10 0 0 0
client 114 11 0 0 0
client 109 11 0 0 0
client 115 11 0 0 0
client 131 10 0 0 0
client 113 11 0 0 0
client 119 11 0 0 0
client 136 11 0 0 0
client 137 11 0 0 0
client 139 10 0 0 0
client 142 10 0 0 0
client 144 10 0 0 0
client 140 11 0 0 0
client 148 11 0 0 0
client 0 10 0 1 2
client 150 10 0 0 0
client 1 156 145 1 2
client 154 11 0 0 0
client 2 302 292 1 1
client 159 11 0 0 0
client 157 10 0 1 1
client 161 11 0 0 0
client 156 109 97 1 1
client 5 396 385 1 2
client 162 11 0 0 0
client 164 10 0 0 0
client 165 11 0 0 0
client 158 11 0 1 2
client 169 10 0 0 0
client 21 539 529 2 1
client 160 154 144 1 1
client 13 540 530 2 2
client 174 11 0 0 0
client 23 539 529 2 2
client 175 11 0 0 0
client 176 11 0 0 0
client 178 10 0 0 0
client 20 540 530 2 2
client 179 11 0 0 0
client 9 640 630 2 1
client 67 666 655 2 1
client 177 10 0 1 1
client 187 11 0 0 0
client 188 10 0 0 0
client 189 11 0 0 0
client 190 11 0 0 0
client 191 11 0 0 0
client 11 682 671 2 2
client 193 10 0 0 0
client 180 11 0 1 1
client 15 683 671 2 2
client 196 10 0 0 0
client 197 10 0 0 0
client 184 11 0 1 1
client 32 706 695 2 2
client 200 10 0 0 0
client 22 739 727 2 2
client 202 10 0 0 0
client 183 66 54 1 2
client 201 11 0 0 0
client 30 771 761 2 2
client 186 52 40 1 1
client 207 10 0 0 0
client 194 10 0 1 2
client 24 822 812 2 2
client 8 826 815 2 2
client 211 10 0 0 0
client 16 876 865 2 1
client 214 11 0 0 0
client 195 72 61 1 2
client 216 11 0 0 0
client 206 11 0 1 1
client 29 926 916 2 1
client 31 885 875 2 2
client 198 126 115 1 1
client 219 11 0 0 0
client 221 10 0 0 0
client 222 11 0 0 0
client 223 10 0 0 0
client 224 11 0 0 0
client 203 128 117 1 1
client 226 11 0 0 0
client 204 45 34 1 2
client 19 962 952 2 2
client 63 966 956 2 2
client 230 11 0 0 0
client 229 11 0 0 0
client 73 1032 1021 2 1
client 233 10 0 0 0
client 72 1029 1019 2 1
client 55 990 980 2 2
client 217 70 58 1 1
client 213 68 57 1 2
client 238 10 0 0 0
client 6 1111 1100 2 1
client 241 11 0 0 0
client 227 10 0 1 1
client 243 10 0 0 0
client 27 1103 1093 2 2
client 235 40 29 1 1
client 218 141 129 1 2
client 41 1131 1120 2 2
client 51 1135 1124 2 2
client 18 1203 1192 2 1
client 248 11 0 0 0
client 237 12 2 1 2
client 251 10 0 0 0
client 53 1156 1146 2 2
client 33 1245 1233 2 1
client 255 11 0 0 0
client 254 10 0 0 0
client 38 1280 1269 3 1
client 257 10 0 0 0
client 130 1262 1251 3 1
client 242 10 0 1 2
client 101 1285 1273 2 1
client 261 10 0 0 0
client 17 1335 1324 2 1
client 104 1350 1340 3 1
client 83 1291 1280 2 2
client 244 105 95 1 2
client 26 1351 1340 3 2
client 34 1322 1311 2 2
client 10 1427 1416 2 1
client 225 371 360 2 1
client 108 1371 1359 2 2
client 271 10 0 0 0
client 270 10 0 0 0
client 245 160 149 1 2
client 118 1451 1440 3 1
client 59 1470 1459 3 2
client 80 1446 1436 2 2
client 149 1487 1477 2 1
client 145 1500 1489 3 1
client 278 11 0 0 0
client 152 1468 1457 3 2
client 4 1489 1479 2 2
client 42 1517 1506 2 2
client 37 1602 1592 2 1
client 132 1570 1560 3 2
client 147 1584 1573 2 1
client 246 287 277 1 2
client 284 11 0 0 0
client 285 11 0 0 0
client 209 712 700 2 1
client 288 10 0 0 0
client 117 1625 1614 3 1
client 290 11 0 0 0
client 208 787 776 2 1
client 86 1656 1646 2 2
client 231 614 603 2 1
client 91 1706 1695 2 1
client 247 437 427 1 1
client 39 1653 1643 2 2
client 298 10 0 0 0
client 299 11 0 0 0
client 128 1770 1759 3 1
client 138 1690 1678 2 2
client 256 407 396 1 1
client 304 11 0 0 0
client 78 1810 1799 2 1
client 283 164 153 1 1
client 153 1809 1798 3 1
client 308 10 0 0 0
client 25 1819 1808 2 1
client 259 450 439 1 2
client 93 1797 1787 2 2
client 43 1860 1849 2 1
client 313 10 0 0 0
client 314 11 0 0 0
client 287 199 188 1 1
client 315 11 0 0 0
client 281 220 208 1 2
client 318 10 0 0 0
client 317 11 0 0 0
client 319 11 0 0 0
client 167 1413 1402 1 1
client 77 1932 1921 2 1
client 171 1369 1358 2 2
client 324 10 0 0 0
client 323 10 0 0 0
client 260 563 552 1 2
client 79 1915 1904 2 2
client 325 10 0 0 0
client 327 11 0 0 0
client 326 11 0 0 0
client 50 1939 1928 2 2
client 328 10 0 0 0
client 330 10 0 0 0
client 332 10 0 0 0
client 334 11 0 0 0
client 333 11 0 0 0
client 335 10 0 0 0
client 336 11 0 0 0
client 339 11 0 0 0
client 266 582 569 1 1
client 340 11 0 0 0
client 280 378 367 1 1
client 264 626 615 1 1
client 69 2049 2038 2 1
client 301 187 177 1 2
client 62 2071 2060 2 1
client 172 1484 1474 1 2
client 268 634 624 1 1
client 81 2079 2068 2 2
client 275 660 648 1 1
client 305 295 284 1 1
client 265 706 695 1 2
client 68 2165 2154 2 1
client 90 2176 2165 2 1
client 322 89 78 1 2
client 356 10 0 0 0
client 357 10 0 0 0
client 60 2221 2210 2 1
client 359 11 0 0 0
client 192 1382 1370 1 2
client 282 610 599 1 1
client 273 747 736 1 1
client 363 11 0 0 0
client 364 10 0 0 0
client 365 11 0 0 0
client 129 2264 2253 2 1
client 47 2282 2271 2 1
client 293 580 568 1 1
client 369 10 0 0 0
client 307 348 337 1 2
client 371 10 0 0 0
client 272 831 820 1 1
client 372 10 0 0 0
client 337 195 184 1 2
client 96 2311 2300 2 2
client 374 10 0 0 0
client 377 11 0 0 0
client 232 1216 1205 1 2
client 107 2370 2359 2 1
client 97 2396 2385 2 1
client 289 724 712 1 1
client 320 375 364 1 2
client 384 10 0 0 0
client 383 10 0 0 0
client 382 11 0 0 0
client 386 11 0 0 0
client 312 478 468 1 2
client 388 11 0 0 0
client 124 2437 2426 2 2
client 329 454 441 1 1
client 125 2474 2463 2 1
client 353 180 169 1 2
client 393 11 0 0 0
client 99 2472 2462 3 2
client 394 10 0 0 0
client 120 2498 2487 2 1
client 397 11 0 0 0
client 311 586 576 1 2
client 398 10 0 0 0
client 338 471 461 1 1
client 401 10 0 0 0
client 400 11 0 0 0
client 402 11 0 0 0
client 133 2575 2564 2 1
client 71 2596 2585 2 1
client 350 374 364 1 2
client 347 488 477 1 1
client 88 2615 2604 3 2
client 368 208 196 1 2
client 343 542 532 1 1
client 163 2268 2256 2 1
client 410 11 0 0 0
client 413 10 0 0 0
client 146 2598 2588 2 2
client 412 11 0 0 0
client 351 495 484 1 2
client 414 10 0 0 0
client 112 2685 2674 2 2
client 354 455 443 1 2
client 44 2776 2765 2 1
client 239 1589 1578 2 2
client 110 2780 2768 2 1
client 423 10 0 0 0
client 342 642 630 1 2
client 379 298 287 1 2
client 427 10 0 0 0
client 141 2835 2824 2 1
client 360 524 514 1 2
client 134 2835 2825 2 1
client 370 457 446 1 2
client 249 1610 1599 1 1
client 430 10 0 0 0
client 355 632 621 1 1
client 434 11 0 0 0
client 392 326 315 1 1
client 436 10 0 0 0
client 135 2936 2925 2 1
client 438 11 0 0 0
client 422 10 0 1 2
client 151 2869 2859 2 2
client 380 467 457 1 2
client 442 11 0 0 0
client 391 399 388 1 2
client 252 1677 1666 1 2
client 123 3032 3021 2 1
client 425 146 136 1 1
client 358 713 703 1 2
client 406 329 318 1 2
client 448 10 0 0 0
client 267 1612 1602 2 2
client 450 10 0 0 0
client 451 10 0 0 0
client 426 210 199 1 1
client 453 10 0 0 0
client 454 11 0 0 0
client 456 11 0 0 0
client 182 2434 2421 1 1
client 155 2923 2912 2 2
client 428 231 219 1 1
client 459 11 0 0 0
client 395 554 544 1 1
client 461 10 0 0 0
client 210 2265 2255 2 1
client 462 11 0 0 0
client 274 1607 1597 1 2
client 346 1038 1026 2 1
client 408 453 442 1 1
client 468 11 0 0 0
client 297 1473 1462 2 1
client 469 10 0 0 0
client 185 2492 2481 1 2
client 292 1552 1542 1 1
client 431 312 301 1 2
client 473 10 0 0 0
client 302 1423 1412 2 2
client 143 3211 3201 2 2
client 405 586 576 1 2
client 477 10 0 0 0
client 478 10 0 0 0
client 460 120 109 1 1
client 348 1112 1101 2 2
client 480 10 0 0 0
client 291 1645 1634 1 1
client 482 11 0 0 0
client 105 3364 3353 3 2
client 432 396 386 1 2
client 173 2742 2731 1 1
client 489 10 0 0 0
client 488 11 0 0 0
client 215 2409 2398 2 2
client 491 11 0 0 0
client 409 677 667 1 2
client 433 518 507 1 1
client 64 3516 3506 3 1
client 495 11 0 0 0
client 300 1649 1638 1 2
client 485 11 0 1 2
client 199 2624 2613 2 2
client 497 10 0 0 0
client 446 445 434 1 1
client 234 2393 2383 1 2
client 435 532 522 1 2
client 258 2249 2239 1 1
client 421 697 686 1 2
client 503 10 0 0 0
client 457 431 420 1 1
client 493 64 52 1 2
client 306 1738 1728 1 2
client 452 414 404 1 2
client 440 643 632 1 1
client 464 460 450 1 1
client 513 10 0 0 0
client 512 11 0 0 0
client 420 847 836 1 1
client 504 46 36 1 1
client 269 2210 2199 1 2
client 236 2533 2523 1 2
client 471 412 401 1 1
client 519 11 0 0 0
client 331 1679 1668 1 2
client 521 11 0 0 0
client 510 46 34 1 1
client 523 10 0 0 0
client 463 531 520 1 2
client 524 10 0 0 0
client 441 712 700 1 2
client 527 10 0 0 0
client 528 11 0 0 0
client 529 11 0 0 0
client 228 2728 2717 2 2
client 530 11 0 0 0
client 240 2675 2664 1 1
client 276 2247 2236 1 2
client 518 47 37 1 1
client 535 10 0 0 0
client 534 10 0 0 0
client 345 1748 1737 1 2
client 537 10 0 0 0
client 476 523 512 1 2
client 487 369 357 1 2
client 538 10 0 0 0
client 540 11 0 0 0
client 470 636 625 1 2
client 542 11 0 0 0
client 70 3971 3960 3 1
client 544 11 0 0 0
client 545 11 0 0 0
client 490 502 492 1 1
client 546 11 0 0 0
client 303 2103 2092 2 2
client 277 2388 2378 1 2
client 526 125 113 1 1
client 367 1664 1653 1 2
client 316 2156 2144 1 1
client 220 3081 3071 2 1
client 554 11 0 0 0
client 556 10 0 0 0
client 555 11 0 0 0
client 501 492 481 1 2
client 496 478 466 1 2
client 559 10 0 0 0
client 561 10 0 0 0
client 126 4072 4061 3 2
client 562 11 0 0 0
client 550 43 32 1 2
client 415 1425 1412 2 1
client 560 10 0 1 1
client 381 1687 1677 1 2
client 506 515 504 1 2
client 569 11 0 0 0
client 321 2171 2160 1 2
client 253 2935 2924 1 1
client 502 541 530 1 2
client 573 10 0 0 0
client 576 11 0 0 0
client 575 11 0 0 0
client 385 1787 1775 1 1
client 577 11 0 0 0
client 520 464 453 1 1
client 551 192 182 1 1
client 579 11 0 0 0
client 581 11 0 0 0
client 344 2206 2195 1 1
client 583 10 0 0 0
client 563 79 69 1 2
client 447 1173 1161 1 2
client 516 555 544 1 2
client 588 11 0 0 0
client 553 241 231 1 1
client 263 2982 2972 1 2
client 589 11 0 0 0
client 590 11 0 0 0
client 531 472 461 1 2
client 387 1868 1856 1 2
client 596 10 0 0 0
client 595 10 0 0 0
client 565 197 186 1 2
client 597 10 0 0 0
client 352 2177 2166 1 2
client 600 11 0 0 0
client 449 1299 1289 1 2
client 547 445 435 1 1
client 552 406 396 1 1
client 604 10 0 0 0
client 566 216 205 1 1
client 262 3148 3136 1 1
client 396 1939 1929 1 1
client 567 267 256 1 1
client 366 2212 2200 1 1
client 572 261 250 1 1
client 611 11 0 0 0
client 455 1399 1387 1 1
client 613 11 0 0 0
client 571 273 263 1 1
client 578 246 235 1 1
client 582 261 251 1 1
client 279 3028 3018 1 1
client 375 2232 2220 1 1
client 574 290 279 1 2
client 294 2898 2887 2 2
client 465 1439 1428 1 1
client 594 208 197 1 1
client 586 276 265 1 2
client 623 10 0 0 0
client 584 320 310 1 2
client 626 10 0 0 0
client 296 2995 2985 2 1
client 627 11 0 0 0
client 389 2201 2189 1 2
client 467 1525 1515 1 1
client 592 254 243 1 2
client 286 3050 3038 1 2
client 610 190 179 1 1
client 607 204 193 1 1
client 598 307 295 1 2
client 635 12 0 0 0
client 403 2241 2230 1 1
client 602 326 316 1 1
client 638 10 0 0 0
client 637 11 0 0 0
client 492 1363 1351 1 1
client 378 2420 2409 2 2
client 310 3003 2992 1 1
client 608 345 334 1 1
client 603 386 375 1 1
client 645 11 0 0 0
client 404 2321 2310 1 1
client 619 197 185 1 2
client 622 170 160 1 2
client 509 1267 1257 1 2
client 309 3118 3108 1 1
client 181 4327 4316 2 2
client 411 2324 2313 1 1
client 617 322 312 1 2
client 605 454 443 1 2
client 620 344 333 1 1
client 658 10 0 0 0
client 657 11 0 0 0
client 660 10 0 0 0
client 659 11 0 0 0
client 629 233 221 1 1
client 662 11 0 0 0
client 639 208 196 1 1
client 508 1417 1406 1 2
client 624 334 323 1 2
client 295 3374 3363 2 2
client 424 2267 2256 1 2
client 665 11 0 0 0
client 349 2976 2965 1 2
client 670 10 0 0 0
client 606 584 572 1 2
client 669 11 0 0 0
client 636 267 256 1 1
client 671 11 0 0 0
client 628 432 422 1 1
client 673 11 0 0 0
client 650 192 182 1 1
client 678 11 0 0 0
client 341 3208 3198 2 1
client 511 1534 1522 1 1
client 429 2395 2385 1 1
client 681 13 0 0 0
client 361 3017 3006 1 1
client 642 332 320 1 1
client 630 492 481 1 1
client 618 570 560 1 2
client 651 239 229 1 1
client 687 10 0 0 0
client 212 4447 4436 2 1
client 690 10 0 0 0
client 517 1587 1575 1 1
client 640 452 442 1 1
client 631 556 545 1 1
client 693 10 0 0 0
client 168 4873 4862 2 2
client 696 10 0 0 0
client 437 2468 2457 1 1
client 697 11 0 0 0
client 700 10 0 0 0
client 699 11 0 0 0
client 644 419 408 1 2
client 362 3111 3100 1 2
client 702 10 0 0 0
client 701 11 0 0 0
client 704 10 0 0 0
client 703 11 0 0 0
client 643 517 505 1 1
client 170 5002 4991 2 1
client 655 332 321 1 2
client 652 337 325 1 2
client 532 1546 1535 1 2
client 712 10 0 0 0
client 439 2543 2532 1 1
client 656 435 423 1 1
client 663 400 390 1 1
client 661 379 367 1 1
client 373 3192 3181 1 1
client 718 11 0 0 0
client 66 5644 5632 4 1
client 719 10 0 0 0
client 668 399 388 1 1
client 666 334 322 1 2
client 533 1696 1685 1 2
client 205 4842 4832 2 1
client 445 2545 2533 1 2
client 672 373 361 1 2
client 376 3273 3262 1 1
client 688 251 241 1 2
client 684 359 348 1 2
client 667 477 466 1 2
client 536 1819 1809 1 2
cash 0 29 11
clients_time: 145,146,93,144,114,146,96,96,146,146,146,96,146,147,146,148,147,96,96,146,96,147,96,96,96,97,146,147,147
openings_time: 100,0,201,1210,602,0,100,501,0,400,3028
cash 1 8 1
clients_time: 97,97,100,99,147,147,98,149
openings_time: 1204
cash 2 21 1
clients_time: 154,105,104,154,104,105,154,155,154,105,104,104,155,105,104,104,105,104,104,154,105
openings_time: 2759
cash 3 43 1
clients_time: 143,142,142,142,92,92,92,143,92,94,142,92,93,142,143,142,142,142,143,93,143,142,92,92,142,142,142,142,142,143,92,142,93,142,92,143,142,142,92,92,92,92,143
openings_time: 5527
cash 4 38 1
clients_time: 166,169,115,165,165,165,165,165,115,115,115,116,115,116,115,165,115,166,165,165,115,165,165,115,115,167,115,165,116,115,165,115,116,165,115,165,115,115
openings_time: 5439
cash 5 46 1
clients_time: 141,140,140,140,141,90,91,90,141,140,140,140,141,90,141,141,90,90,90,90,91,90,93,140,140,92,90,140,141,140,91,141,91,140,91,90,140,90,90,91,140,90,140,91,92,90
openings_time: 5325
cash 6 39 1
clients_time: 108,108,159,108,160,158,109,112,108,158,109,158,158,158,158,158,108,158,109,158,158,158,109,158,108,160,108,108,108,108,109,108,158,108,108,108,161,108,158
openings_time: 5275
cash 7 39 1
clients_time: 99,151,149,99,150,99,99,100,149,99,149,149,99,99,149,99,149,99,151,149,149,99,149,150,99,100,149,149,99,99,99,100,150,149,99,99,149,149,149
openings_time: 5354
cash 8 46 1
clients_time: 129,79,129,79,79,79,79,129,79,79,129,129,79,130,83,82,81,131,79,131,129,129,79,79,79,80,129,131,79,79,80,79,129,129,79,129,129,79,79,129,129,129,79,79,79,130
openings_time: 5232
cash 9 55 1
clients_time: 70,120,120,70,70,120,70,120,120,121,75,71,70,120,71,70,70,70,70,121,70,120,120,120,121,121,70,120,122,70,70,70,70,120,120,70,120,120,70,120,70,70,70,122,120,73,120,120,71,70,70,120,70,70,121
openings_time: 5302
